e:\chb\debug\dreamserver\nb_server\debug\vc120.pdb
e:\chb\debug\dreamserver\nb_server\debug\vc120.idb
e:\chb\debug\dreamserver\nb_server\debug\fileparser.obj
e:\chb\debug\dreamserver\nb_server\debug\lua_tinker.obj
e:\chb\debug\dreamserver\nb_server\debug\iocp.obj
e:\chb\debug\dreamserver\nb_server\debug\datafilemanager.obj
e:\chb\debug\dreamserver\nb_server\debug\message.obj
e:\chb\debug\dreamserver\nb_server\debug\luastate.obj
e:\chb\debug\dreamserver\nb_server\debug\main.obj
e:\chb\debug\dreamserver\debug\nb_server.pdb
e:\chb\debug\dreamserver\nb_server\debug\nb_server.tlog\cl.command.1.tlog
e:\chb\debug\dreamserver\nb_server\debug\nb_server.tlog\cl.read.1.tlog
e:\chb\debug\dreamserver\nb_server\debug\nb_server.tlog\cl.write.1.tlog
e:\chb\debug\dreamserver\nb_server\debug\nb_server.tlog\link-cvtres.read.1.tlog
e:\chb\debug\dreamserver\nb_server\debug\nb_server.tlog\link-cvtres.write.1.tlog
e:\chb\debug\dreamserver\nb_server\debug\nb_server.tlog\link-rc.read.1.tlog
e:\chb\debug\dreamserver\nb_server\debug\nb_server.tlog\link-rc.write.1.tlog
e:\chb\debug\dreamserver\nb_server\debug\nb_server.tlog\link.command.1.tlog
e:\chb\debug\dreamserver\nb_server\debug\nb_server.tlog\link.read.1.tlog
e:\chb\debug\dreamserver\nb_server\debug\nb_server.tlog\link.write.1.tlog
